<?xml version="1.0" encoding="UTF-8"?>
<!-- Generated by org.testng.reporters.JUnitReportReporter -->
<testsuite hostname="DESKTOP-2FBGRR0" failures="0" tests="1" name="TestsExamples" time="0.916" errors="0" timestamp="2024-10-06T16:59:33 IST" skipped="0">
  <testcase classname="TestsExamples" name="test_1" time="0.916"/>
  <system-out/>
</testsuite> <!-- TestsExamples -->
