<?xml version="1.0" encoding="UTF-8"?>
<!-- Generated by org.testng.reporters.JUnitReportReporter -->
<testsuite hostname="DESKTOP-2FBGRR0" failures="0" tests="1" name="TestsExamples" time="0.904" errors="0" timestamp="2024-10-06T16:25:22 IST" skipped="0">
  <testcase classname="TestsExamples" name="test_1" time="0.904"/>
  <system-out/>
</testsuite> <!-- TestsExamples -->
